time="2023-10-25T15:25:41+02:00" level=info msg="starting an application" func="github.com/mereiamangeldin/effective-mobile-test/internal/app.Run()" file="app.go:17"
time="2023-10-25T15:25:41+02:00" level=info msg="creating database" func="github.com/mereiamangeldin/effective-mobile-test/internal/app.Run()" file="app.go:19"
time="2023-10-25T15:31:26+02:00" level=info msg="starting an application" func="github.com/mereiamangeldin/effective-mobile-test/internal/app.Run()" file="app.go:17"
time="2023-10-25T15:31:26+02:00" level=info msg="creating database" func="github.com/mereiamangeldin/effective-mobile-test/internal/app.Run()" file="app.go:19"
time="2023-10-25T16:20:15+02:00" level=info msg="initialization of configuration" func="main.main()" file="main.go:12"
time="2023-10-25T16:20:15+02:00" level=info msg="starting an application" func="github.com/mereiamangeldin/effective-mobile-test/internal/app.Run()" file="app.go:16"
time="2023-10-25T16:20:15+02:00" level=info msg="connecting to database" func="github.com/mereiamangeldin/effective-mobile-test/internal/app.Run()" file="app.go:18"
time="2023-10-25T16:20:15+02:00" level=info msg="creating service part" func="github.com/mereiamangeldin/effective-mobile-test/internal/app.Run()" file="app.go:32"
time="2023-10-25T16:20:15+02:00" level=info msg="creating handlers" func="github.com/mereiamangeldin/effective-mobile-test/internal/app.Run()" file="app.go:34"
time="2023-10-25T16:20:15+02:00" level=info msg="connecting to server" func="github.com/mereiamangeldin/effective-mobile-test/internal/app.Run()" file="app.go:36"
time="2023-10-25T16:20:15+02:00" level=info msg="initialization of router" func="github.com/mereiamangeldin/effective-mobile-test/internal/handler.(*Handler).InitRouter()" file="router.go:6"
time="2023-10-25T16:20:15+02:00" level=info msg="server started" func="github.com/mereiamangeldin/effective-mobile-test/internal/app.Run()" file="app.go:43"
time="2023-10-25T16:20:35+02:00" level=info msg="calling a handler of getting a person" func="github.com/mereiamangeldin/effective-mobile-test/internal/handler.(*Handler).getPerson()" file="person.go:136"
time="2023-10-25T16:20:35+02:00" level=info msg="waiting response from service level" func="github.com/mereiamangeldin/effective-mobile-test/internal/handler.(*Handler).getPerson()" file="person.go:143"
time="2023-10-25T16:20:35+02:00" level=info msg="getting a person from database" func="github.com/mereiamangeldin/effective-mobile-test/internal/repository/pg.(*Postgres).GetPerson()" file="person.go:45"
time="2023-10-25T16:20:35+02:00" level=info msg="person is successfully returned from database" func="github.com/mereiamangeldin/effective-mobile-test/internal/repository/pg.(*Postgres).GetPerson()" file="person.go:52"
time="2023-10-25T16:20:35+02:00" level=info msg="person is successfully returned" func="github.com/mereiamangeldin/effective-mobile-test/internal/handler.(*Handler).getPerson()" file="person.go:150"
time="2023-10-25T16:21:02+02:00" level=info msg="calling a handler of adding a new person" func="github.com/mereiamangeldin/effective-mobile-test/internal/handler.(*Handler).addPerson()" file="person.go:57"
time="2023-10-25T16:21:04+02:00" level=debug msg="adding a new person: &{%!s(uint=0) Arna Ermek Aslanqyzy %!s(int=62) female IS}" func="github.com/mereiamangeldin/effective-mobile-test/internal/handler.(*Handler).addPerson()" file="person.go:94"
time="2023-10-25T16:21:04+02:00" level=info msg="waiting response from service level" func="github.com/mereiamangeldin/effective-mobile-test/internal/handler.(*Handler).addPerson()" file="person.go:96"
time="2023-10-25T16:21:04+02:00" level=info msg="adding a new person to database" func="github.com/mereiamangeldin/effective-mobile-test/internal/repository/pg.(*Postgres).AddPerson()" file="person.go:12"
time="2023-10-25T16:21:04+02:00" level=info msg="person is successfully added to database" func="github.com/mereiamangeldin/effective-mobile-test/internal/repository/pg.(*Postgres).AddPerson()" file="person.go:29"
time="2023-10-25T16:21:04+02:00" level=info msg="new person is successfully added" func="github.com/mereiamangeldin/effective-mobile-test/internal/handler.(*Handler).addPerson()" file="person.go:103"
time="2023-10-25T16:21:14+02:00" level=info msg="signal received: interrupt" func="github.com/mereiamangeldin/effective-mobile-test/internal/app.Run()" file="app.go:51"
